<?xml version="1.0" encoding="UTF-8"?>
<!-- Generated by org.testng.reporters.JUnitXMLReporter -->
<testsuite hostname="LAPTOP-P3QDA48J" failures="0" tests="4" name="Group of group Test" time="0.069" errors="0" timestamp="9 Oct 2018 19:36:28 GMT">
  <testcase classname="com.day5.testing.Test_day5_01" name="test_reverseSentence" time="0.016"/>
  <testcase classname="com.day5.testing.Test_day5_01" name="test_reverseSentence_StringBuilder" time="0.0"/>
  <testcase classname="com.day5.testing.Test_day5_02" name="test_reverseSentence" time="0.006"/>
  <testcase classname="com.day5.testing.Test_day5_02" name="test_reverseSentence_StringBuilder" time="0.0"/>
</testsuite>
