<?xml version="1.0" encoding="UTF-8"?>
<!-- Generated by org.testng.reporters.JUnitXMLReporter -->
<testsuite hostname="LAPTOP-P3QDA48J" name="Default test" tests="15" failures="0" timestamp="16 Oct 2018 20:01:24 GMT" time="0.189" errors="0">
  <testcase name="test_frstNnRptngChr_HashMap" time="0.034" classname="com.day7.Test_FirstNonRepeatingChar"/>
  <testcase name="test_frstNnRptngChr_HashSet_ArrayList" time="0.003" classname="com.day7.Test_FirstNonRepeatingChar"/>
  <testcase name="test_frstNnRptngChr_LinkedHashMap" time="0.003" classname="com.day7.Test_FirstNonRepeatingChar"/>
  <testcase name="test_getFirstNonRepeatedChar_DP" time="0.006" classname="com.day7.Test_FirstNonRepeatingChar"/>
  <testcase name="test_getFirstNonRepeatedChar_DP" time="0.003" classname="com.day7.Test_FirstNonRepeatingChar"/>
  <testcase name="test_getFirstNonRepeatedChar_DP" time="0.005" classname="com.day7.Test_FirstNonRepeatingChar"/>
  <testcase name="test_getFirstNonRepeatedChar_DP" time="0.005" classname="com.day7.Test_FirstNonRepeatingChar"/>
  <testcase name="test_firstNonRepeatingChar_DP" time="0.003" classname="com.day7.Test_FirstNonRepeatingChar"/>
  <testcase name="test_firstNonRepeatingChar_DP" time="0.003" classname="com.day7.Test_FirstNonRepeatingChar"/>
  <testcase name="test_firstNonRepeatingChar_DP" time="0.003" classname="com.day7.Test_FirstNonRepeatingChar"/>
  <testcase name="test_firstNonRepeatingChar_DP" time="0.002" classname="com.day7.Test_FirstNonRepeatingChar"/>
  <testcase name="test_firstNonRepeatedCharacter_DP" time="0.002" classname="com.day7.Test_FirstNonRepeatingChar"/>
  <testcase name="test_firstNonRepeatedCharacter_DP" time="0.002" classname="com.day7.Test_FirstNonRepeatingChar"/>
  <testcase name="test_firstNonRepeatedCharacter_DP" time="0.003" classname="com.day7.Test_FirstNonRepeatingChar"/>
  <testcase name="test_firstNonRepeatedCharacter_DP" time="0.003" classname="com.day7.Test_FirstNonRepeatingChar"/>
</testsuite>
