<?xml version="1.0" encoding="UTF-8"?>
<testng-results total="4" passed="4" failed="0" skipped="0">
  <reporter-output>
  </reporter-output>
  <suite started-at="2018-10-09T12:36:28Z" name="Group of group Suite" finished-at="2018-10-09T12:36:28Z" duration-ms="69">
    <groups>
      <group name="GoodTests">
        <method signature="Test_day5_01.test_reverseSentence()[pri:0, instance:com.day5.testing.Test_day5_01@243c4f91]" name="test_reverseSentence" class="com.day5.testing.Test_day5_01"/>
        <method signature="Test_day5_01.test_reverseSentence_StringBuilder()[pri:0, instance:com.day5.testing.Test_day5_01@243c4f91]" name="test_reverseSentence_StringBuilder" class="com.day5.testing.Test_day5_01"/>
        <method signature="Test_day5_02.test_reverseSentence()[pri:0, instance:com.day5.testing.Test_day5_02@16ec5519]" name="test_reverseSentence" class="com.day5.testing.Test_day5_02"/>
        <method signature="Test_day5_02.test_reverseSentence_StringBuilder()[pri:0, instance:com.day5.testing.Test_day5_02@16ec5519]" name="test_reverseSentence_StringBuilder" class="com.day5.testing.Test_day5_02"/>
      </group>
    </groups>
    <test started-at="2018-10-09T12:36:28Z" name="Group of group Test" finished-at="2018-10-09T12:36:28Z" duration-ms="69">
      <class name="com.day5.testing.Test_day5_02">
        <test-method signature="test_reverseSentence()[pri:0, instance:com.day5.testing.Test_day5_02@16ec5519]" started-at="2018-10-09T12:36:28Z" name="test_reverseSentence" finished-at="2018-10-09T12:36:28Z" duration-ms="6" status="PASS">
        </test-method>
        <test-method signature="test_reverseSentence_StringBuilder()[pri:0, instance:com.day5.testing.Test_day5_02@16ec5519]" started-at="2018-10-09T12:36:28Z" name="test_reverseSentence_StringBuilder" finished-at="2018-10-09T12:36:28Z" duration-ms="0" status="PASS">
        </test-method>
      </class>
      <class name="com.day5.testing.Test_day5_01">
        <test-method signature="test_reverseSentence()[pri:0, instance:com.day5.testing.Test_day5_01@243c4f91]" started-at="2018-10-09T12:36:28Z" name="test_reverseSentence" finished-at="2018-10-09T12:36:28Z" duration-ms="16" status="PASS">
        </test-method>
        <test-method signature="test_reverseSentence_StringBuilder()[pri:0, instance:com.day5.testing.Test_day5_01@243c4f91]" started-at="2018-10-09T12:36:28Z" name="test_reverseSentence_StringBuilder" finished-at="2018-10-09T12:36:28Z" duration-ms="0" status="PASS">
        </test-method>
      </class>
    </test>
  </suite>
</testng-results>
